TN:
SF:src\config\email.js
FNF:0
FNH:0
DA:39,0
LF:1
LH:0
BRF:0
BRH:0
end_of_record
TN:
SF:src\config\env.js
FNF:0
FNH:0
DA:3,0
DA:5,0
DA:12,0
DA:13,0
DA:17,0
LF:5
LH:0
BRDA:6,0,0,0
BRDA:6,0,1,0
BRDA:9,1,0,0
BRDA:9,1,1,0
BRDA:12,2,0,0
BRDA:12,2,1,0
BRDA:13,3,0,0
BRDA:13,3,1,0
BRDA:19,4,0,0
BRDA:19,4,1,0
BRF:10
BRH:0
end_of_record
TN:
SF:src\config\security.js
FN:4,(anonymous_0)
FNF:1
FNH:0
FNDA:0,(anonymous_0)
DA:4,0
DA:5,0
DA:7,0
LF:3
LH:0
BRF:0
BRH:0
end_of_record
TN:
SF:src\controllers\authController.js
FN:22,(anonymous_0)
FN:79,(anonymous_1)
FN:154,(anonymous_2)
FN:205,(anonymous_3)
FN:251,(anonymous_4)
FN:292,(anonymous_5)
FN:334,(anonymous_6)
FN:358,(anonymous_7)
FNF:8
FNH:0
FNDA:0,(anonymous_0)
FNDA:0,(anonymous_1)
FNDA:0,(anonymous_2)
FNDA:0,(anonymous_3)
FNDA:0,(anonymous_4)
FNDA:0,(anonymous_5)
FNDA:0,(anonymous_6)
FNDA:0,(anonymous_7)
DA:16,0
DA:18,0
DA:23,0
DA:24,0
DA:26,0
DA:27,0
DA:30,0
DA:31,0
DA:34,0
DA:35,0
DA:37,0
DA:38,0
DA:41,0
DA:43,0
DA:50,0
DA:53,0
DA:56,0
DA:57,0
DA:59,0
DA:60,0
DA:62,0
DA:64,0
DA:65,0
DA:67,0
DA:71,0
DA:72,0
DA:80,0
DA:81,0
DA:83,0
DA:84,0
DA:87,0
DA:89,0
DA:90,0
DA:94,0
DA:95,0
DA:99,0
DA:100,0
DA:101,0
DA:107,0
DA:108,0
DA:112,0
DA:114,0
DA:116,0
DA:121,0
DA:122,0
DA:127,0
DA:131,0
DA:133,0
DA:135,0
DA:146,0
DA:147,0
DA:155,0
DA:156,0
DA:158,0
DA:159,0
DA:162,0
DA:163,0
DA:166,0
DA:167,0
DA:170,0
DA:171,0
DA:175,0
DA:176,0
DA:177,0
DA:180,0
DA:181,0
DA:182,0
DA:185,0
DA:186,0
DA:190,0
DA:193,0
DA:195,0
DA:197,0
DA:198,0
DA:206,0
DA:207,0
DA:209,0
DA:210,0
DA:213,0
DA:216,0
DA:217,0
DA:222,0
DA:223,0
DA:226,0
DA:228,0
DA:229,0
DA:231,0
DA:232,0
DA:234,0
DA:236,0
DA:237,0
DA:239,0
DA:243,0
DA:244,0
DA:252,0
DA:253,0
DA:255,0
DA:256,0
DA:259,0
DA:262,0
DA:263,0
DA:269,0
DA:271,0
DA:272,0
DA:273,0
DA:275,0
DA:277,0
DA:278,0
DA:280,0
DA:284,0
DA:285,0
DA:293,0
DA:294,0
DA:296,0
DA:297,0
DA:300,0
DA:301,0
DA:304,0
DA:305,0
DA:307,0
DA:308,0
DA:311,0
DA:312,0
DA:315,0
DA:316,0
DA:319,0
DA:320,0
DA:322,0
DA:324,0
DA:326,0
DA:327,0
DA:335,0
DA:336,0
DA:338,0
DA:339,0
DA:342,0
DA:344,0
DA:345,0
DA:348,0
DA:350,0
DA:351,0
DA:359,0
DA:360,0
DA:361,0
DA:363,0
DA:364,0
DA:367,0
DA:368,0
DA:371,0
DA:372,0
DA:375,0
DA:376,0
DA:377,0
DA:380,0
DA:381,0
DA:382,0
DA:385,0
DA:386,0
DA:388,0
DA:390,0
DA:391,0
LF:161
LH:0
BRDA:26,0,0,0
BRDA:26,0,1,0
BRDA:26,1,0,0
BRDA:26,1,1,0
BRDA:30,2,0,0
BRDA:30,2,1,0
BRDA:30,3,0,0
BRDA:30,3,1,0
BRDA:30,3,2,0
BRDA:37,4,0,0
BRDA:37,4,1,0
BRDA:59,5,0,0
BRDA:59,5,1,0
BRDA:64,6,0,0
BRDA:64,6,1,0
BRDA:83,7,0,0
BRDA:83,7,1,0
BRDA:83,8,0,0
BRDA:83,8,1,0
BRDA:89,9,0,0
BRDA:89,9,1,0
BRDA:94,10,0,0
BRDA:94,10,1,0
BRDA:99,11,0,0
BRDA:99,11,1,0
BRDA:99,12,0,0
BRDA:99,12,1,0
BRDA:107,13,0,0
BRDA:107,13,1,0
BRDA:114,14,0,0
BRDA:114,14,1,0
BRDA:121,15,0,0
BRDA:121,15,1,0
BRDA:156,16,0,0
BRDA:156,16,1,0
BRDA:158,17,0,0
BRDA:158,17,1,0
BRDA:166,18,0,0
BRDA:166,18,1,0
BRDA:170,19,0,0
BRDA:170,19,1,0
BRDA:176,20,0,0
BRDA:176,20,1,0
BRDA:176,21,0,0
BRDA:176,21,1,0
BRDA:180,22,0,0
BRDA:180,22,1,0
BRDA:185,23,0,0
BRDA:185,23,1,0
BRDA:209,24,0,0
BRDA:209,24,1,0
BRDA:209,25,0,0
BRDA:209,25,1,0
BRDA:209,25,2,0
BRDA:216,26,0,0
BRDA:216,26,1,0
BRDA:222,27,0,0
BRDA:222,27,1,0
BRDA:231,28,0,0
BRDA:231,28,1,0
BRDA:236,29,0,0
BRDA:236,29,1,0
BRDA:255,30,0,0
BRDA:255,30,1,0
BRDA:255,31,0,0
BRDA:255,31,1,0
BRDA:262,32,0,0
BRDA:262,32,1,0
BRDA:277,33,0,0
BRDA:277,33,1,0
BRDA:296,34,0,0
BRDA:296,34,1,0
BRDA:296,35,0,0
BRDA:296,35,1,0
BRDA:300,36,0,0
BRDA:300,36,1,0
BRDA:307,37,0,0
BRDA:307,37,1,0
BRDA:311,38,0,0
BRDA:311,38,1,0
BRDA:315,39,0,0
BRDA:315,39,1,0
BRDA:338,40,0,0
BRDA:338,40,1,0
BRDA:344,41,0,0
BRDA:344,41,1,0
BRDA:363,42,0,0
BRDA:363,42,1,0
BRDA:367,43,0,0
BRDA:367,43,1,0
BRDA:367,44,0,0
BRDA:367,44,1,0
BRDA:371,45,0,0
BRDA:371,45,1,0
BRDA:376,46,0,0
BRDA:376,46,1,0
BRDA:381,47,0,0
BRDA:381,47,1,0
BRF:98
BRH:0
end_of_record
TN:
SF:src\controllers\dadosCorporaisController.js
FN:9,(anonymous_0)
FN:59,(anonymous_1)
FN:75,(anonymous_2)
FN:101,(anonymous_3)
FN:127,(anonymous_4)
FN:173,(anonymous_5)
FNF:6
FNH:0
FNDA:0,(anonymous_0)
FNDA:0,(anonymous_1)
FNDA:0,(anonymous_2)
FNDA:0,(anonymous_3)
FNDA:0,(anonymous_4)
FNDA:0,(anonymous_5)
DA:6,0
DA:10,0
DA:12,0
DA:14,0
DA:15,0
DA:24,0
DA:27,0
DA:36,0
DA:45,0
DA:47,0
DA:52,0
DA:60,0
DA:61,0
DA:62,0
DA:63,0
DA:65,0
DA:66,0
DA:68,0
DA:76,0
DA:77,0
DA:78,0
DA:79,0
DA:80,0
DA:86,0
DA:87,0
DA:92,0
DA:94,0
DA:102,0
DA:103,0
DA:106,0
DA:107,0
DA:112,0
DA:113,0
DA:114,0
DA:118,0
DA:120,0
DA:128,0
DA:129,0
DA:132,0
DA:133,0
DA:144,0
DA:147,0
DA:156,0
DA:161,0
DA:166,0
DA:174,0
DA:175,0
DA:177,0
DA:178,0
DA:181,0
DA:182,0
DA:186,0
LF:52
LH:0
BRDA:12,0,0,0
BRDA:12,0,1,0
BRDA:14,1,0,0
BRDA:14,1,1,0
BRDA:61,2,0,0
BRDA:61,2,1,0
BRDA:63,3,0,0
BRDA:63,3,1,0
BRDA:79,4,0,0
BRDA:79,4,1,0
BRDA:86,5,0,0
BRDA:86,5,1,0
BRDA:86,6,0,0
BRDA:86,6,1,0
BRDA:103,7,0,0
BRDA:103,7,1,0
BRDA:106,8,0,0
BRDA:106,8,1,0
BRDA:106,9,0,0
BRDA:106,9,1,0
BRDA:113,10,0,0
BRDA:113,10,1,0
BRDA:129,11,0,0
BRDA:129,11,1,0
BRDA:132,12,0,0
BRDA:132,12,1,0
BRDA:132,13,0,0
BRDA:132,13,1,0
BRDA:132,13,2,0
BRDA:175,14,0,0
BRDA:175,14,1,0
BRDA:175,14,2,0
BRDA:177,15,0,0
BRDA:177,15,1,0
BRF:34
BRH:0
end_of_record
TN:
SF:src\controllers\evolucaoController.js
FN:6,(anonymous_0)
FNF:1
FNH:0
FNDA:0,(anonymous_0)
DA:4,0
DA:8,0
DA:10,0
DA:13,0
DA:14,0
DA:20,0
DA:24,0
DA:27,0
DA:33,0
LF:9
LH:0
BRDA:10,0,0,0
BRDA:10,0,1,0
BRDA:13,1,0,0
BRDA:13,1,1,0
BRDA:13,2,0,0
BRDA:13,2,1,0
BRF:6
BRH:0
end_of_record
TN:
SF:src\controllers\exerciciosController.js
FN:6,criar
FN:26,listar
FN:45,buscar
FN:69,atualizar
FN:95,deletar
FNF:5
FNH:0
FNDA:0,criar
FNDA:0,listar
FNDA:0,buscar
FNDA:0,atualizar
FNDA:0,deletar
DA:4,0
DA:8,0
DA:11,0
DA:13,0
DA:20,0
DA:28,0
DA:31,0
DA:33,0
DA:39,0
DA:47,0
DA:50,0
DA:53,0
DA:57,0
DA:63,0
DA:71,0
DA:74,0
DA:77,0
DA:82,0
DA:89,0
DA:97,0
DA:100,0
DA:102,0
DA:104,0
DA:110,0
LF:24
LH:0
BRF:0
BRH:0
end_of_record
TN:
SF:src\controllers\treinoControllers.js
FN:6,criar
FN:30,listar
FN:53,buscar
FN:78,atualizar
FN:105,deletar
FNF:5
FNH:0
FNDA:0,criar
FNDA:0,listar
FNDA:0,buscar
FNDA:0,atualizar
FNDA:0,deletar
DA:4,0
DA:8,0
DA:10,0
DA:12,0
DA:17,0
DA:24,0
DA:32,0
DA:34,0
DA:37,0
DA:41,0
DA:47,0
DA:55,0
DA:57,0
DA:58,0
DA:61,0
DA:66,0
DA:72,0
DA:80,0
DA:82,0
DA:83,0
DA:86,0
DA:92,0
DA:99,0
DA:107,0
DA:109,0
DA:110,0
DA:112,0
DA:117,0
DA:123,0
LF:29
LH:0
BRF:0
BRH:0
end_of_record
TN:
SF:src\controllers\treinoExercicioController.js
FN:6,adicionar
FN:50,listar
FN:75,remover
FN:101,atualizar
FNF:4
FNH:0
FNDA:0,adicionar
FNDA:0,listar
FNDA:0,remover
FNDA:0,atualizar
DA:4,0
DA:8,0
DA:10,0
DA:11,0
DA:13,0
DA:14,0
DA:15,0
DA:16,0
DA:21,0
DA:24,0
DA:30,0
DA:36,0
DA:44,0
DA:52,0
DA:54,0
DA:55,0
DA:58,0
DA:63,0
DA:69,0
DA:77,0
DA:79,0
DA:80,0
DA:81,0
DA:83,0
DA:89,0
DA:95,0
DA:103,0
DA:105,0
DA:106,0
DA:107,0
DA:110,0
DA:117,0
DA:124,0
LF:33
LH:0
BRDA:13,0,0,0
BRDA:13,0,1,0
BRF:2
BRH:0
end_of_record
TN:
SF:src\controllers\usuariosController.js
FN:5,(anonymous_0)
FNF:1
FNH:0
FNDA:0,(anonymous_0)
DA:4,0
DA:6,0
DA:7,0
DA:9,0
DA:11,0
DA:12,0
DA:15,0
DA:16,0
DA:17,0
DA:19,0
DA:23,0
DA:24,0
DA:25,0
DA:28,0
DA:29,0
DA:31,0
LF:16
LH:0
BRDA:7,0,0,0
BRDA:7,0,1,0
BRDA:9,1,0,0
BRDA:9,1,1,0
BRDA:11,2,0,0
BRDA:11,2,1,0
BRDA:11,3,0,0
BRDA:11,3,1,0
BRDA:16,4,0,0
BRDA:16,4,1,0
BRDA:23,5,0,0
BRDA:23,5,1,0
BRDA:25,6,0,0
BRDA:25,6,1,0
BRF:14
BRH:0
end_of_record
TN:
SF:src\middlewares\autenticarToken.js
FN:3,(anonymous_0)
FNF:1
FNH:1
FNDA:7,(anonymous_0)
DA:3,1
DA:4,7
DA:5,7
DA:7,7
DA:8,2
DA:11,5
DA:12,5
DA:13,5
DA:14,5
DA:16,3
LF:10
LH:10
BRDA:5,0,0,7
BRDA:5,0,1,5
BRDA:7,1,0,2
BRDA:7,1,1,5
BRF:4
BRH:4
end_of_record
TN:
SF:src\middlewares\tratarIdsCriptografados.js
FN:8,(anonymous_0)
FN:9,(anonymous_1)
FN:68,(anonymous_2)
FN:72,(anonymous_3)
FNF:4
FNH:4
FNDA:8,(anonymous_0)
FNDA:8,(anonymous_1)
FNDA:11,(anonymous_2)
FNDA:2,(anonymous_3)
DA:8,1
DA:9,8
DA:10,8
DA:12,8
DA:13,8
DA:14,8
DA:15,3
DA:16,3
DA:17,1
DA:21,2
DA:27,7
DA:28,7
DA:29,7
DA:30,2
DA:31,2
DA:32,1
DA:36,1
DA:42,6
DA:43,6
DA:44,6
DA:45,1
DA:46,1
DA:47,0
DA:51,1
DA:56,6
DA:58,0
DA:68,1
DA:69,11
DA:71,8
DA:72,2
DA:75,6
DA:77,6
DA:82,6
DA:83,54
DA:84,6
DA:88,6
LF:36
LH:34
BRDA:8,0,0,8
BRDA:12,1,0,8
BRDA:12,1,1,0
BRDA:14,2,0,3
BRDA:14,2,1,5
BRDA:16,3,0,1
BRDA:16,3,1,2
BRDA:27,4,0,7
BRDA:27,4,1,0
BRDA:29,5,0,2
BRDA:29,5,1,5
BRDA:31,6,0,1
BRDA:31,6,1,1
BRDA:42,7,0,6
BRDA:42,7,1,0
BRDA:42,8,0,6
BRDA:42,8,1,6
BRDA:44,9,0,1
BRDA:44,9,1,5
BRDA:44,10,0,6
BRDA:44,10,1,1
BRDA:46,11,0,0
BRDA:46,11,1,1
BRDA:69,12,0,3
BRDA:69,12,1,8
BRDA:69,13,0,11
BRDA:69,13,1,10
BRDA:71,14,0,2
BRDA:71,14,1,6
BRDA:83,15,0,6
BRDA:83,15,1,48
BRDA:83,16,0,54
BRDA:83,16,1,7
BRDA:83,16,2,7
BRF:34
BRH:30
end_of_record
TN:
SF:src\middlewares\validarUUID.js
FN:7,(anonymous_0)
FN:8,(anonymous_1)
FNF:2
FNH:0
FNDA:0,(anonymous_0)
FNDA:0,(anonymous_1)
DA:7,0
DA:8,0
DA:9,0
DA:10,0
DA:11,0
DA:15,0
LF:6
LH:0
BRDA:7,0,0,0
BRDA:10,1,0,0
BRDA:10,1,1,0
BRDA:10,2,0,0
BRDA:10,2,1,0
BRF:5
BRH:0
end_of_record
TN:
SF:src\models\Calculo.js
FN:14,constructor
FN:41,idCalculo
FN:45,idDados
FN:49,imc
FN:53,tmb
FN:57,ndc
FN:61,treinos
FN:65,dataCalculo
FN:69,dataAtualizacaoCalculo
FN:77,idCalculo_2
FN:92,idDados_2
FN:101,imc_2
FN:115,tmb_2
FN:129,ndc_2
FN:143,treinos_2
FN:154,dataCalculo_2
FN:172,dataAtualizacaoCalculo_2
FN:194,criar
FN:222,editar
FNF:19
FNH:0
FNDA:0,constructor
FNDA:0,idCalculo
FNDA:0,idDados
FNDA:0,imc
FNDA:0,tmb
FNDA:0,ndc
FNDA:0,treinos
FNDA:0,dataCalculo
FNDA:0,dataAtualizacaoCalculo
FNDA:0,idCalculo_2
FNDA:0,idDados_2
FNDA:0,imc_2
FNDA:0,tmb_2
FNDA:0,ndc_2
FNDA:0,treinos_2
FNDA:0,dataCalculo_2
FNDA:0,dataAtualizacaoCalculo_2
FNDA:0,criar
FNDA:0,editar
DA:25,0
DA:26,0
DA:27,0
DA:28,0
DA:29,0
DA:30,0
DA:32,0
DA:33,0
DA:42,0
DA:46,0
DA:50,0
DA:54,0
DA:58,0
DA:62,0
DA:66,0
DA:70,0
DA:79,0
DA:83,0
DA:84,0
DA:86,0
DA:88,0
DA:94,0
DA:95,0
DA:98,0
DA:103,0
DA:105,0
DA:109,0
DA:112,0
DA:117,0
DA:119,0
DA:123,0
DA:126,0
DA:131,0
DA:133,0
DA:137,0
DA:140,0
DA:145,0
DA:146,0
DA:151,0
DA:156,0
DA:157,0
DA:158,0
DA:161,0
DA:163,0
DA:164,0
DA:169,0
DA:174,0
DA:175,0
DA:176,0
DA:179,0
DA:181,0
DA:182,0
DA:187,0
DA:202,0
DA:208,0
DA:213,0
DA:233,0
DA:234,0
DA:239,0
LF:59
LH:0
BRDA:19,0,0,0
BRDA:20,1,0,0
BRDA:21,2,0,0
BRDA:22,3,0,0
BRDA:79,4,0,0
BRDA:79,4,1,0
BRDA:80,5,0,0
BRDA:80,5,1,0
BRDA:83,6,0,0
BRDA:83,6,1,0
BRDA:83,7,0,0
BRDA:83,7,1,0
BRDA:94,8,0,0
BRDA:94,8,1,0
BRDA:94,9,0,0
BRDA:94,9,1,0
BRDA:94,9,2,0
BRDA:105,10,0,0
BRDA:105,10,1,0
BRDA:106,11,0,0
BRDA:106,11,1,0
BRDA:119,12,0,0
BRDA:119,12,1,0
BRDA:120,13,0,0
BRDA:120,13,1,0
BRDA:133,14,0,0
BRDA:133,14,1,0
BRDA:134,15,0,0
BRDA:134,15,1,0
BRDA:145,16,0,0
BRDA:145,16,1,0
BRDA:156,17,0,0
BRDA:156,17,1,0
BRDA:156,18,0,0
BRDA:156,18,1,0
BRDA:163,19,0,0
BRDA:163,19,1,0
BRDA:174,20,0,0
BRDA:174,20,1,0
BRDA:174,21,0,0
BRDA:174,21,1,0
BRDA:181,22,0,0
BRDA:181,22,1,0
BRDA:199,23,0,0
BRDA:202,24,0,0
BRDA:202,24,1,0
BRDA:203,25,0,0
BRDA:203,25,1,0
BRDA:203,25,2,0
BRDA:203,25,3,0
BRDA:228,26,0,0
BRDA:233,27,0,0
BRDA:233,27,1,0
BRF:53
BRH:0
end_of_record
TN:
SF:src\models\DadosCorporais.js
FN:15,constructor
FN:43,idDados
FN:47,idUsuario
FN:51,peso_kg
FN:55,altura_cm
FN:59,genero
FN:63,idade
FN:67,nivel_atividade
FN:71,data_registro_Inicial
FN:75,data_atualizacao_dados
FN:83,idDados_2
FN:98,idUsuario_2
FN:107,peso_kg_2
FN:122,altura_cm_2
FN:137,genero_2
FN:144,idade_2
FN:159,nivel_atividade_2
FN:166,data_registro_Inicial_2
FN:182,data_atualizacao_dados_2
FN:202,(anonymous_19)
FN:215,(anonymous_20)
FN:234,criar
FN:265,editar
FNF:23
FNH:21
FNDA:28,constructor
FNDA:2,idDados
FNDA:2,idUsuario
FNDA:4,peso_kg
FNDA:2,altura_cm
FNDA:3,genero
FNDA:1,idade
FNDA:5,nivel_atividade
FNDA:0,data_registro_Inicial
FNDA:0,data_atualizacao_dados
FNDA:14,idDados_2
FNDA:28,idUsuario_2
FNDA:26,peso_kg_2
FNDA:23,altura_cm_2
FNDA:20,genero_2
FNDA:18,idade_2
FNDA:15,nivel_atividade_2
FNDA:14,data_registro_Inicial_2
FNDA:14,data_atualizacao_dados_2
FNDA:20,(anonymous_19)
FNDA:15,(anonymous_20)
FNDA:1,criar
FNDA:1,editar
DA:27,28
DA:28,28
DA:29,28
DA:30,28
DA:31,28
DA:32,28
DA:34,28
DA:35,28
DA:36,28
DA:44,2
DA:48,2
DA:52,4
DA:56,2
DA:60,3
DA:64,1
DA:68,5
DA:72,0
DA:76,0
DA:85,14
DA:89,1
DA:90,0
DA:92,1
DA:94,13
DA:100,28
DA:101,2
DA:104,26
DA:109,26
DA:111,26
DA:116,3
DA:119,23
DA:124,23
DA:126,23
DA:131,3
DA:134,20
DA:139,20
DA:141,20
DA:146,18
DA:148,18
DA:153,3
DA:156,15
DA:161,15
DA:163,15
DA:168,14
DA:169,14
DA:170,14
DA:173,0
DA:175,0
DA:176,0
DA:179,0
DA:184,14
DA:185,14
DA:186,14
DA:189,0
DA:191,0
DA:192,0
DA:195,0
DA:204,20
DA:210,20
DA:211,2
DA:217,15
DA:225,15
DA:226,1
DA:243,29
DA:250,2
DA:255,27
DA:277,2
DA:278,1
DA:283,1
LF:68
LH:57
BRDA:22,0,0,28
BRDA:23,1,0,28
BRDA:24,2,0,28
BRDA:85,3,0,1
BRDA:85,3,1,13
BRDA:86,4,0,14
BRDA:86,4,1,1
BRDA:89,5,0,0
BRDA:89,5,1,1
BRDA:89,6,0,1
BRDA:89,6,1,1
BRDA:100,7,0,2
BRDA:100,7,1,26
BRDA:100,8,0,28
BRDA:100,8,1,28
BRDA:100,8,2,28
BRDA:111,9,0,3
BRDA:111,9,1,23
BRDA:112,10,0,26
BRDA:112,10,1,26
BRDA:112,10,2,24
BRDA:126,11,0,3
BRDA:126,11,1,20
BRDA:127,12,0,23
BRDA:127,12,1,23
BRDA:127,12,2,21
BRDA:148,13,0,3
BRDA:148,13,1,15
BRDA:149,14,0,18
BRDA:149,14,1,17
BRDA:149,14,2,16
BRDA:168,15,0,14
BRDA:168,15,1,0
BRDA:168,16,0,14
BRDA:168,16,1,0
BRDA:175,17,0,0
BRDA:175,17,1,0
BRDA:184,18,0,14
BRDA:184,18,1,0
BRDA:184,19,0,14
BRDA:184,19,1,0
BRDA:191,20,0,0
BRDA:191,20,1,0
BRDA:210,21,0,2
BRDA:210,21,1,18
BRDA:225,22,0,1
BRDA:225,22,1,14
BRDA:243,23,0,2
BRDA:243,23,1,27
BRDA:243,24,0,29
BRDA:243,24,1,28
BRDA:243,24,2,27
BRDA:243,24,3,27
BRDA:243,24,4,27
BRDA:243,24,5,27
BRDA:277,25,0,1
BRDA:277,25,1,1
BRF:57
BRH:48
end_of_record
TN:
SF:src\models\Exercicios.js
FN:10,constructor
FN:27,idExercicio
FN:31,nome
FN:35,descricao
FN:39,caminho_video
FN:47,idExercicio_2
FN:62,nome_2
FN:77,descricao_2
FN:98,caminho_video_2
FN:123,criar
FN:136,editar
FNF:11
FNH:11
FNDA:21,constructor
FNDA:5,idExercicio
FNDA:8,nome
FNDA:6,descricao
FNDA:6,caminho_video
FNDA:21,idExercicio_2
FNDA:19,nome_2
FNDA:15,descricao_2
FNDA:14,caminho_video_2
FNDA:2,criar
FNDA:2,editar
DA:17,21
DA:18,21
DA:19,21
DA:20,21
DA:28,5
DA:32,8
DA:36,6
DA:40,6
DA:49,21
DA:53,5
DA:54,2
DA:56,3
DA:58,16
DA:64,19
DA:69,4
DA:74,15
DA:79,15
DA:87,1
DA:92,14
DA:100,14
DA:108,1
DA:113,13
DA:129,15
DA:143,3
DA:144,1
DA:149,2
LF:26
LH:26
BRDA:12,0,0,21
BRDA:13,1,0,21
BRDA:14,2,0,21
BRDA:49,3,0,5
BRDA:49,3,1,16
BRDA:50,4,0,21
BRDA:50,4,1,5
BRDA:53,5,0,2
BRDA:53,5,1,3
BRDA:53,6,0,5
BRDA:53,6,1,5
BRDA:64,7,0,4
BRDA:64,7,1,15
BRDA:65,8,0,19
BRDA:65,8,1,18
BRDA:65,8,2,16
BRDA:79,9,0,1
BRDA:79,9,1,14
BRDA:80,10,0,15
BRDA:80,10,1,5
BRDA:80,10,2,5
BRDA:80,10,3,5
BRDA:93,11,0,10
BRDA:93,11,1,4
BRDA:93,12,0,14
BRDA:93,12,1,4
BRDA:100,13,0,1
BRDA:100,13,1,13
BRDA:101,14,0,14
BRDA:101,14,1,2
BRDA:101,14,2,2
BRDA:101,14,3,2
BRDA:114,15,0,12
BRDA:114,15,1,1
BRDA:114,16,0,13
BRDA:114,16,1,1
BRDA:125,17,0,15
BRDA:126,18,0,15
BRDA:139,19,0,3
BRDA:140,20,0,3
BRDA:143,21,0,1
BRDA:143,21,1,2
BRF:42
BRH:42
end_of_record
TN:
SF:src\models\Treino.js
FN:11,constructor
FN:30,idTreino
FN:34,idCalculo
FN:38,objetivo
FN:42,nivel
FN:46,data_criacao
FN:54,idTreino_2
FN:69,idCalculo_2
FN:78,objetivo_2
FN:96,nivel_2
FN:113,data_criacao_2
FN:138,criar
FN:161,editar
FNF:13
FNH:0
FNDA:0,constructor
FNDA:0,idTreino
FNDA:0,idCalculo
FNDA:0,objetivo
FNDA:0,nivel
FNDA:0,data_criacao
FNDA:0,idTreino_2
FNDA:0,idCalculo_2
FNDA:0,objetivo_2
FNDA:0,nivel_2
FNDA:0,data_criacao_2
FNDA:0,criar
FNDA:0,editar
DA:19,0
DA:20,0
DA:21,0
DA:22,0
DA:23,0
DA:31,0
DA:35,0
DA:39,0
DA:43,0
DA:47,0
DA:56,0
DA:60,0
DA:61,0
DA:63,0
DA:65,0
DA:71,0
DA:72,0
DA:75,0
DA:80,0
DA:87,0
DA:88,0
DA:93,0
DA:98,0
DA:104,0
DA:105,0
DA:110,0
DA:115,0
DA:119,0
DA:120,0
DA:123,0
DA:125,0
DA:126,0
DA:131,0
DA:144,0
DA:149,0
DA:154,0
DA:169,0
DA:170,0
DA:175,0
LF:39
LH:0
BRDA:15,0,0,0
BRDA:16,1,0,0
BRDA:56,2,0,0
BRDA:56,2,1,0
BRDA:57,3,0,0
BRDA:57,3,1,0
BRDA:60,4,0,0
BRDA:60,4,1,0
BRDA:60,5,0,0
BRDA:60,5,1,0
BRDA:71,6,0,0
BRDA:71,6,1,0
BRDA:71,7,0,0
BRDA:71,7,1,0
BRDA:71,7,2,0
BRDA:87,8,0,0
BRDA:87,8,1,0
BRDA:104,9,0,0
BRDA:104,9,1,0
BRDA:115,10,0,0
BRDA:115,10,1,0
BRDA:116,11,0,0
BRDA:116,11,1,0
BRDA:125,12,0,0
BRDA:125,12,1,0
BRDA:144,13,0,0
BRDA:144,13,1,0
BRDA:145,14,0,0
BRDA:145,14,1,0
BRDA:145,14,2,0
BRDA:169,15,0,0
BRDA:169,15,1,0
BRF:32
BRH:0
end_of_record
TN:
SF:src\models\Usuarios.js
FN:18,constructor
FN:54,id
FN:58,nome
FN:62,email
FN:66,senha_hash
FN:70,data_nascimento
FN:74,ativo
FN:78,email_verificado
FN:82,ultimo_login
FN:86,criado_em
FN:90,bloqueado_ate
FN:94,tentativas_login
FN:103,id_2
FN:125,nome_2
FN:141,email_2
FN:170,senha_hash_2
FN:186,data_nascimento_2
FN:214,ativo_2
FN:227,email_verificado_2
FN:240,ultimo_login_2
FN:261,criado_em_2
FN:282,bloqueado_ate_2
FN:303,tentativas_login_2
FN:323,criar
FN:346,editar
FNF:25
FNH:21
FNDA:22,constructor
FNDA:6,id
FNDA:2,nome
FNDA:2,email
FNDA:0,senha_hash
FNDA:1,data_nascimento
FNDA:2,ativo
FNDA:2,email_verificado
FNDA:0,ultimo_login
FNDA:0,criado_em
FNDA:0,bloqueado_ate
FNDA:2,tentativas_login
FNDA:22,id_2
FNDA:20,nome_2
FNDA:17,email_2
FNDA:14,senha_hash_2
FNDA:13,data_nascimento_2
FNDA:11,ativo_2
FNDA:11,email_verificado_2
FNDA:11,ultimo_login_2
FNDA:11,criado_em_2
FNDA:11,bloqueado_ate_2
FNDA:11,tentativas_login_2
FNDA:1,criar
FNDA:1,editar
DA:32,22
DA:34,22
DA:35,22
DA:36,22
DA:37,22
DA:39,22
DA:40,22
DA:42,22
DA:43,22
DA:45,22
DA:46,22
DA:55,6
DA:59,2
DA:63,2
DA:67,0
DA:71,1
DA:75,2
DA:79,2
DA:83,0
DA:87,0
DA:91,0
DA:95,2
DA:105,22
DA:110,18
DA:111,2
DA:116,16
DA:120,4
DA:127,20
DA:132,3
DA:137,17
DA:143,17
DA:148,1
DA:154,16
DA:157,16
DA:159,16
DA:161,2
DA:166,14
DA:172,14
DA:177,1
DA:182,13
DA:188,13
DA:190,1
DA:191,1
DA:194,12
DA:196,12
DA:198,1
DA:203,11
DA:205,1
DA:210,10
DA:216,11
DA:218,0
DA:223,11
DA:229,11
DA:231,0
DA:236,11
DA:242,11
DA:244,11
DA:245,11
DA:248,0
DA:250,0
DA:252,0
DA:257,0
DA:263,11
DA:265,11
DA:266,11
DA:269,0
DA:271,0
DA:273,0
DA:278,0
DA:284,11
DA:286,11
DA:287,11
DA:290,0
DA:292,0
DA:294,0
DA:299,0
DA:305,11
DA:309,1
DA:314,10
DA:330,2
DA:358,1
LF:81
LH:63
BRDA:23,0,0,22
BRDA:24,1,0,22
BRDA:25,2,0,22
BRDA:26,3,0,22
BRDA:27,4,0,22
BRDA:28,5,0,22
BRDA:29,6,0,22
BRDA:105,7,0,18
BRDA:105,7,1,4
BRDA:106,8,0,22
BRDA:106,8,1,18
BRDA:110,9,0,2
BRDA:110,9,1,16
BRDA:110,10,0,18
BRDA:110,10,1,18
BRDA:127,11,0,3
BRDA:127,11,1,17
BRDA:128,12,0,20
BRDA:128,12,1,19
BRDA:128,12,2,18
BRDA:143,13,0,1
BRDA:143,13,1,16
BRDA:144,14,0,17
BRDA:144,14,1,17
BRDA:144,14,2,16
BRDA:159,15,0,2
BRDA:159,15,1,14
BRDA:172,16,0,1
BRDA:172,16,1,13
BRDA:173,17,0,14
BRDA:173,17,1,14
BRDA:173,17,2,13
BRDA:188,18,0,1
BRDA:188,18,1,12
BRDA:196,19,0,1
BRDA:196,19,1,11
BRDA:203,20,0,1
BRDA:203,20,1,10
BRDA:216,21,0,0
BRDA:216,21,1,11
BRDA:229,22,0,0
BRDA:229,22,1,11
BRDA:242,23,0,11
BRDA:242,23,1,0
BRDA:250,24,0,0
BRDA:250,24,1,0
BRDA:263,25,0,11
BRDA:263,25,1,0
BRDA:271,26,0,0
BRDA:271,26,1,0
BRDA:284,27,0,11
BRDA:284,27,1,0
BRDA:292,28,0,0
BRDA:292,28,1,0
BRDA:305,29,0,1
BRDA:305,29,1,10
BRDA:306,30,0,11
BRDA:306,30,1,11
BRDA:365,31,0,1
BRDA:365,31,1,0
BRDA:367,32,0,1
BRDA:367,32,1,0
BRDA:369,33,0,1
BRDA:369,33,1,1
BRDA:373,34,0,1
BRDA:373,34,1,1
BRDA:375,35,0,1
BRDA:375,35,1,0
BRF:68
BRH:54
end_of_record
TN:
SF:src\repositories\dadosCorporaisRepository.js
FN:18,normalizarNivelAtividade
FN:28,normalizarGenero
FN:37,gerarCalculos
FN:77,(anonymous_3)
FN:101,(anonymous_4)
FN:144,(anonymous_5)
FN:150,(anonymous_6)
FN:159,(anonymous_7)
FN:168,(anonymous_8)
FN:179,(anonymous_9)
FN:219,(anonymous_10)
FNF:11
FNH:0
FNDA:0,normalizarNivelAtividade
FNDA:0,normalizarGenero
FNDA:0,gerarCalculos
FNDA:0,(anonymous_3)
FNDA:0,(anonymous_4)
FNDA:0,(anonymous_5)
FNDA:0,(anonymous_6)
FNDA:0,(anonymous_7)
FNDA:0,(anonymous_8)
FNDA:0,(anonymous_9)
FNDA:0,(anonymous_10)
DA:9,0
DA:19,0
DA:26,0
DA:29,0
DA:34,0
DA:39,0
DA:40,0
DA:44,0
DA:50,0
DA:53,0
DA:63,0
DA:64,0
DA:65,0
DA:69,0
DA:75,0
DA:83,0
DA:85,0
DA:88,0
DA:89,0
DA:91,0
DA:92,0
DA:96,0
DA:101,0
DA:103,0
DA:121,0
DA:139,0
DA:145,0
DA:151,0
DA:160,0
DA:171,0
DA:173,0
DA:176,0
DA:179,0
DA:181,0
DA:198,0
DA:214,0
DA:224,0
DA:229,0
DA:230,0
DA:236,0
DA:241,0
LF:41
LH:0
BRDA:64,0,0,0
BRDA:64,0,1,0
BRDA:64,1,0,0
BRDA:64,1,1,0
BRDA:64,1,2,0
BRDA:80,2,0,0
BRDA:88,3,0,0
BRDA:88,3,1,0
BRDA:91,4,0,0
BRDA:91,4,1,0
BRDA:168,5,0,0
BRDA:221,6,0,0
BRDA:229,7,0,0
BRDA:229,7,1,0
BRF:14
BRH:0
end_of_record
TN:
SF:src\repositories\emailTokenRepository.js
FN:4,(anonymous_0)
FN:14,(anonymous_1)
FN:20,(anonymous_2)
FN:29,(anonymous_3)
FN:35,(anonymous_4)
FNF:5
FNH:0
FNDA:0,(anonymous_0)
FNDA:0,(anonymous_1)
FNDA:0,(anonymous_2)
FNDA:0,(anonymous_3)
FNDA:0,(anonymous_4)
DA:3,0
DA:5,0
DA:15,0
DA:21,0
DA:30,0
DA:36,0
LF:6
LH:0
BRF:0
BRH:0
end_of_record
TN:
SF:src\repositories\exerciciosRepositories.js
FN:5,criar
FN:15,buscarPorId
FN:23,listar
FN:31,atualizar
FN:40,deletar
FN:49,createExercicio
FN:52,getExercicios
FN:55,updateExercicio
FN:58,deleteExercicio
FNF:9
FNH:0
FNDA:0,criar
FNDA:0,buscarPorId
FNDA:0,listar
FNDA:0,atualizar
FNDA:0,deletar
FNDA:0,createExercicio
FNDA:0,getExercicios
FNDA:0,updateExercicio
FNDA:0,deleteExercicio
DA:3,0
DA:6,0
DA:16,0
DA:24,0
DA:32,0
DA:41,0
DA:50,0
DA:53,0
DA:56,0
DA:59,0
LF:10
LH:0
BRF:0
BRH:0
end_of_record
TN:
SF:src\repositories\historicoCorporalRepository.js
FN:5,(anonymous_0)
FNF:1
FNH:0
FNDA:0,(anonymous_0)
DA:3,0
DA:8,0
DA:17,0
DA:18,0
DA:23,0
LF:5
LH:0
BRDA:17,0,0,0
BRDA:17,0,1,0
BRF:2
BRH:0
end_of_record
TN:
SF:src\repositories\passwordResetTokenRepository.js
FN:4,(anonymous_0)
FN:14,(anonymous_1)
FN:23,(anonymous_2)
FN:32,(anonymous_3)
FN:38,(anonymous_4)
FNF:5
FNH:0
FNDA:0,(anonymous_0)
FNDA:0,(anonymous_1)
FNDA:0,(anonymous_2)
FNDA:0,(anonymous_3)
FNDA:0,(anonymous_4)
DA:3,0
DA:5,0
DA:15,0
DA:24,0
DA:33,0
DA:39,0
LF:6
LH:0
BRF:0
BRH:0
end_of_record
TN:
SF:src\repositories\treinoExercicioRepository.js
FN:5,adicionar
FN:31,listarPorTreino
FN:43,buscar
FN:59,atualizar
FN:75,remover
FNF:5
FNH:0
FNDA:0,adicionar
FNDA:0,listarPorTreino
FNDA:0,buscar
FNDA:0,atualizar
FNDA:0,remover
DA:3,0
DA:15,0
DA:33,0
DA:45,0
DA:61,0
DA:77,0
LF:6
LH:0
BRF:0
BRH:0
end_of_record
TN:
SF:src\repositories\treinoRepository.js
FN:5,criar
FN:15,buscarPorId
FN:39,listarPorUsuario
FN:62,atualizar
FN:71,deletar
FNF:5
FNH:0
FNDA:0,criar
FNDA:0,buscarPorId
FNDA:0,listarPorUsuario
FNDA:0,atualizar
FNDA:0,deletar
DA:3,0
DA:6,0
DA:16,0
DA:40,0
DA:63,0
DA:72,0
LF:6
LH:0
BRF:0
BRH:0
end_of_record
TN:
SF:src\repositories\usuariosRepository.js
FN:5,(anonymous_0)
FN:21,(anonymous_1)
FN:29,(anonymous_2)
FN:35,(anonymous_3)
FN:41,(anonymous_4)
FN:72,(anonymous_5)
FN:88,(anonymous_6)
FN:100,(anonymous_7)
FN:112,(anonymous_8)
FN:131,(anonymous_9)
FN:142,(anonymous_10)
FN:149,(anonymous_11)
FN:158,(anonymous_12)
FN:168,(anonymous_13)
FNF:14
FNH:0
FNDA:0,(anonymous_0)
FNDA:0,(anonymous_1)
FNDA:0,(anonymous_2)
FNDA:0,(anonymous_3)
FNDA:0,(anonymous_4)
FNDA:0,(anonymous_5)
FNDA:0,(anonymous_6)
FNDA:0,(anonymous_7)
FNDA:0,(anonymous_8)
FNDA:0,(anonymous_9)
FNDA:0,(anonymous_10)
FNDA:0,(anonymous_11)
FNDA:0,(anonymous_12)
FNDA:0,(anonymous_13)
DA:2,0
DA:6,0
DA:17,0
DA:22,0
DA:30,0
DA:36,0
DA:42,0
DA:73,0
DA:85,0
DA:89,0
DA:101,0
DA:113,0
DA:114,0
DA:115,0
DA:117,0
DA:118,0
DA:119,0
DA:122,0
DA:132,0
DA:143,0
DA:150,0
DA:159,0
DA:169,0
LF:23
LH:0
BRDA:118,0,0,0
BRDA:118,0,1,0
BRF:2
BRH:0
end_of_record
TN:
SF:src\services\calculosService.js
FN:3,(anonymous_0)
FN:42,(anonymous_1)
FN:62,(anonymous_2)
FN:69,(anonymous_3)
FNF:4
FNH:0
FNDA:0,(anonymous_0)
FNDA:0,(anonymous_1)
FNDA:0,(anonymous_2)
FNDA:0,(anonymous_3)
DA:1,0
DA:5,0
DA:6,0
DA:7,0
DA:9,0
DA:14,0
DA:21,0
DA:26,0
DA:44,0
DA:45,0
DA:47,0
DA:48,0
DA:50,0
DA:51,0
DA:53,0
DA:54,0
DA:56,0
DA:57,0
DA:59,0
DA:64,0
DA:71,0
LF:21
LH:0
BRDA:44,0,0,0
BRDA:44,0,1,0
BRDA:47,1,0,0
BRDA:47,1,1,0
BRDA:50,2,0,0
BRDA:50,2,1,0
BRDA:53,3,0,0
BRDA:53,3,1,0
BRDA:56,4,0,0
BRDA:56,4,1,0
BRF:10
BRH:0
end_of_record
TN:
SF:src\services\dadosCorporaisService.js
FN:12,criar
FN:15,(anonymous_1)
FN:78,atualizar
FN:81,(anonymous_3)
FNF:4
FNH:0
FNDA:0,criar
FNDA:0,(anonymous_1)
FNDA:0,atualizar
FNDA:0,(anonymous_3)
DA:10,0
DA:14,0
DA:18,0
DA:24,0
DA:26,0
DA:32,0
DA:38,0
DA:43,0
DA:61,0
DA:80,0
DA:84,0
DA:90,0
DA:92,0
DA:98,0
DA:105,0
DA:109,0
DA:126,0
LF:17
LH:0
BRDA:24,0,0,0
BRDA:24,0,1,0
BRDA:90,1,0,0
BRDA:90,1,1,0
BRF:4
BRH:0
end_of_record
TN:
SF:src\services\emailService.js
FN:5,(anonymous_0)
FN:227,(anonymous_1)
FNF:2
FNH:0
FNDA:0,(anonymous_0)
FNDA:0,(anonymous_1)
DA:5,0
DA:7,0
DA:18,0
DA:20,0
DA:22,0
DA:227,0
DA:228,0
DA:238,0
DA:240,0
LF:9
LH:0
BRF:0
BRH:0
end_of_record
TN:
SF:src\services\evolucaoService.js
FN:3,gerarGrafico
FN:36,(anonymous_1)
FN:38,(anonymous_2)
FN:53,(anonymous_3)
FN:57,(anonymous_4)
FNF:5
FNH:0
FNDA:0,gerarGrafico
FNDA:0,(anonymous_1)
FNDA:0,(anonymous_2)
FNDA:0,(anonymous_3)
FNDA:0,(anonymous_4)
DA:1,0
DA:5,0
DA:6,0
DA:11,0
DA:13,0
DA:36,0
DA:38,0
DA:53,0
DA:56,0
DA:58,0
DA:63,0
DA:72,0
LF:12
LH:0
BRDA:5,0,0,0
BRDA:5,0,1,0
BRDA:11,1,0,0
BRDA:11,1,1,0
BRF:4
BRH:0
end_of_record
TN:
SF:src\services\exerciciosService.js
FN:6,criar
FN:16,listar
FN:20,buscarPorId
FN:33,atualizar
FN:53,deletar
FNF:5
FNH:5
FNDA:3,criar
FNDA:2,listar
FNDA:6,buscarPorId
FNDA:2,atualizar
FNDA:2,deletar
DA:4,1
DA:7,3
DA:9,3
DA:17,2
DA:22,6
DA:26,6
DA:27,3
DA:30,3
DA:34,2
DA:36,1
DA:43,1
DA:54,2
DA:55,1
LF:13
LH:13
BRDA:26,0,0,3
BRDA:26,0,1,3
BRF:2
BRH:2
end_of_record
TN:
SF:src\services\treinoExercicioService.js
FN:7,adicionar
FN:61,listar
FN:83,remover
FN:104,atualizar
FNF:4
FNH:4
FNDA:4,adicionar
FNDA:2,listar
FNDA:2,remover
FNDA:3,atualizar
DA:5,1
DA:9,4
DA:20,4
DA:21,1
DA:26,3
DA:32,3
DA:33,1
DA:39,2
DA:44,2
DA:45,1
DA:50,1
DA:63,2
DA:74,2
DA:75,1
DA:79,1
DA:84,2
DA:94,2
DA:95,1
DA:99,1
DA:105,3
DA:115,3
DA:116,1
DA:121,2
DA:125,2
DA:126,1
DA:130,1
LF:26
LH:26
BRDA:20,0,0,1
BRDA:20,0,1,3
BRDA:32,1,0,1
BRDA:32,1,1,2
BRDA:44,2,0,1
BRDA:44,2,1,1
BRDA:74,3,0,1
BRDA:74,3,1,1
BRDA:94,4,0,1
BRDA:94,4,1,1
BRDA:115,5,0,1
BRDA:115,5,1,2
BRDA:125,6,0,1
BRDA:125,6,1,1
BRF:14
BRH:14
end_of_record
TN:
SF:src\services\treinoService.js
FN:5,criar
FN:38,listarPorUsuario
FN:44,buscarPorId
FN:63,atualizar
FN:71,deletar
FNF:5
FNH:5
FNDA:4,criar
FNDA:2,listarPorUsuario
FNDA:7,buscarPorId
FNDA:2,atualizar
FNDA:2,deletar
DA:4,1
DA:7,4
DA:9,4
DA:10,2
DA:16,2
DA:25,2
DA:26,1
DA:31,1
DA:39,2
DA:45,7
DA:48,7
DA:49,1
DA:53,6
DA:55,7
DA:56,3
DA:60,3
DA:64,2
DA:65,1
DA:72,2
DA:73,1
LF:20
LH:20
BRDA:9,0,0,2
BRDA:9,0,1,2
BRDA:9,1,0,4
BRDA:9,1,1,3
BRDA:9,1,2,2
BRDA:25,2,0,1
BRDA:25,2,1,1
BRDA:48,3,0,1
BRDA:48,3,1,6
BRDA:55,4,0,3
BRDA:55,4,1,4
BRF:11
BRH:11
end_of_record
TN:
SF:src\utils\calculosFisicos.js
FN:1,calcularIMC
FN:9,calcularTMB
FN:36,calcularNDC
FNF:3
FNH:0
FNDA:0,calcularIMC
FNDA:0,calcularTMB
FNDA:0,calcularNDC
DA:3,0
DA:5,0
DA:15,0
DA:18,0
DA:27,0
DA:40,0
DA:47,0
LF:7
LH:0
BRDA:15,0,0,0
BRDA:15,0,1,0
BRF:2
BRH:0
end_of_record
TN:
SF:src\utils\cryptoUtils.js
FN:11,obterChaveMestra
FN:21,validarUUID
FN:33,criptografar
FN:54,descriptografar
FN:83,criptografarId
FN:94,descriptografarId
FN:118,gerarHashSHA256
FNF:7
FNH:7
FNDA:23,obterChaveMestra
FNDA:83,validarUUID
FNDA:18,criptografar
FNDA:13,descriptografar
FNDA:14,criptografarId
FNDA:11,descriptografarId
FNDA:7,gerarHashSHA256
DA:3,6
DA:4,6
DA:5,6
DA:12,23
DA:13,23
DA:22,83
DA:23,80
DA:24,80
DA:34,18
DA:35,16
DA:36,16
DA:37,16
DA:39,16
DA:40,16
DA:41,16
DA:44,16
DA:45,16
DA:55,13
DA:57,11
DA:58,11
DA:59,11
DA:60,4
DA:63,7
DA:64,7
DA:65,7
DA:67,7
DA:68,7
DA:69,7
DA:71,7
DA:72,7
DA:74,1
DA:84,14
DA:85,11
DA:95,11
DA:97,10
DA:100,10
DA:101,2
DA:105,8
DA:106,8
DA:107,4
DA:110,4
DA:119,7
DA:120,5
LF:43
LH:43
BRDA:12,0,0,23
BRDA:12,0,1,0
BRDA:12,0,2,0
BRDA:22,1,0,3
BRDA:22,1,1,80
BRDA:34,2,0,2
BRDA:34,2,1,16
BRDA:34,3,0,18
BRDA:34,3,1,17
BRDA:55,4,0,2
BRDA:55,4,1,11
BRDA:55,5,0,13
BRDA:55,5,1,11
BRDA:59,6,0,4
BRDA:59,6,1,7
BRDA:84,7,0,3
BRDA:84,7,1,11
BRDA:95,8,0,1
BRDA:95,8,1,10
BRDA:95,9,0,11
BRDA:95,9,1,10
BRDA:100,10,0,2
BRDA:100,10,1,8
BRDA:106,11,0,4
BRDA:106,11,1,4
BRDA:106,12,0,8
BRDA:106,12,1,4
BRDA:119,13,0,2
BRDA:119,13,1,5
BRF:29
BRH:27
end_of_record
TN:
SF:src\utils\gerarTokens.js
FN:3,(anonymous_0)
FN:11,(anonymous_1)
FN:15,(anonymous_2)
FNF:3
FNH:0
FNDA:0,(anonymous_0)
FNDA:0,(anonymous_1)
FNDA:0,(anonymous_2)
DA:3,0
DA:4,0
DA:11,0
DA:12,0
DA:15,0
DA:16,0
LF:6
LH:0
BRF:0
BRH:0
end_of_record
TN:
SF:src\utils\senhaHash.js
FN:6,(anonymous_0)
FN:14,(anonymous_1)
FNF:2
FNH:0
FNDA:0,(anonymous_0)
FNDA:0,(anonymous_1)
DA:3,0
DA:6,0
DA:7,0
DA:8,0
DA:11,0
DA:14,0
DA:15,0
DA:16,0
DA:19,0
LF:9
LH:0
BRDA:7,0,0,0
BRDA:7,0,1,0
BRDA:7,1,0,0
BRDA:7,1,1,0
BRDA:15,2,0,0
BRDA:15,2,1,0
BRDA:15,3,0,0
BRDA:15,3,1,0
BRF:8
BRH:0
end_of_record
TN:
SF:src\utils\tokenUtils.js
FN:6,(anonymous_0)
FN:14,(anonymous_1)
FNF:2
FNH:0
FNDA:0,(anonymous_0)
FNDA:0,(anonymous_1)
DA:6,0
DA:7,0
DA:14,0
DA:15,0
DA:16,0
LF:5
LH:0
BRDA:15,0,0,0
BRDA:15,0,1,0
BRF:2
BRH:0
end_of_record
